<?xml version="1.0" encoding="UTF-8"?>
<testsuite xmlns:xsi="http://www.w3.org/2001/XMLSchema-instance" xsi:noNamespaceSchemaLocation="https://maven.apache.org/surefire/maven-surefire-plugin/xsd/surefire-test-report.xsd" name="com.vojtech.cra.CraApplicationTests" time="4.03" tests="1" errors="0" skipped="0" failures="0">
  <properties>
    <property name="java.specification.version" value="19"/>
    <property name="sun.cpu.isalist" value="amd64"/>
    <property name="sun.jnu.encoding" value="Cp1252"/>
    <property name="java.class.path" value="C:\Users\Vojtech\Desktop\cra\target\test-classes;C:\Users\Vojtech\Desktop\cra\target\classes;C:\Users\Vojtech\.m2\repository\org\springframework\boot\spring-boot-starter-web\2.7.4\spring-boot-starter-web-2.7.4.jar;C:\Users\Vojtech\.m2\repository\org\springframework\boot\spring-boot-starter\2.7.4\spring-boot-starter-2.7.4.jar;C:\Users\Vojtech\.m2\repository\org\springframework\boot\spring-boot-starter-logging\2.7.4\spring-boot-starter-logging-2.7.4.jar;C:\Users\Vojtech\.m2\repository\ch\qos\logback\logback-classic\1.2.11\logback-classic-1.2.11.jar;C:\Users\Vojtech\.m2\repository\ch\qos\logback\logback-core\1.2.11\logback-core-1.2.11.jar;C:\Users\Vojtech\.m2\repository\org\apache\logging\log4j\log4j-to-slf4j\2.17.2\log4j-to-slf4j-2.17.2.jar;C:\Users\Vojtech\.m2\repository\org\apache\logging\log4j\log4j-api\2.17.2\log4j-api-2.17.2.jar;C:\Users\Vojtech\.m2\repository\org\slf4j\jul-to-slf4j\1.7.36\jul-to-slf4j-1.7.36.jar;C:\Users\Vojtech\.m2\repository\jakarta\annotation\jakarta.annotation-api\1.3.5\jakarta.annotation-api-1.3.5.jar;C:\Users\Vojtech\.m2\repository\org\yaml\snakeyaml\1.30\snakeyaml-1.30.jar;C:\Users\Vojtech\.m2\repository\org\springframework\boot\spring-boot-starter-json\2.7.4\spring-boot-starter-json-2.7.4.jar;C:\Users\Vojtech\.m2\repository\com\fasterxml\jackson\datatype\jackson-datatype-jdk8\2.13.4\jackson-datatype-jdk8-2.13.4.jar;C:\Users\Vojtech\.m2\repository\com\fasterxml\jackson\datatype\jackson-datatype-jsr310\2.13.4\jackson-datatype-jsr310-2.13.4.jar;C:\Users\Vojtech\.m2\repository\com\fasterxml\jackson\module\jackson-module-parameter-names\2.13.4\jackson-module-parameter-names-2.13.4.jar;C:\Users\Vojtech\.m2\repository\org\springframework\boot\spring-boot-starter-tomcat\2.7.4\spring-boot-starter-tomcat-2.7.4.jar;C:\Users\Vojtech\.m2\repository\org\apache\tomcat\embed\tomcat-embed-core\9.0.65\tomcat-embed-core-9.0.65.jar;C:\Users\Vojtech\.m2\repository\org\apache\tomcat\embed\tomcat-embed-el\9.0.65\tomcat-embed-el-9.0.65.jar;C:\Users\Vojtech\.m2\repository\org\apache\tomcat\embed\tomcat-embed-websocket\9.0.65\tomcat-embed-websocket-9.0.65.jar;C:\Users\Vojtech\.m2\repository\org\springframework\spring-web\5.3.23\spring-web-5.3.23.jar;C:\Users\Vojtech\.m2\repository\org\springframework\spring-beans\5.3.23\spring-beans-5.3.23.jar;C:\Users\Vojtech\.m2\repository\org\springframework\spring-webmvc\5.3.23\spring-webmvc-5.3.23.jar;C:\Users\Vojtech\.m2\repository\org\springframework\spring-aop\5.3.23\spring-aop-5.3.23.jar;C:\Users\Vojtech\.m2\repository\org\springframework\spring-context\5.3.23\spring-context-5.3.23.jar;C:\Users\Vojtech\.m2\repository\org\springframework\spring-expression\5.3.23\spring-expression-5.3.23.jar;C:\Users\Vojtech\.m2\repository\org\apache\camel\springboot\camel-spring-boot-starter\3.18.1\camel-spring-boot-starter-3.18.1.jar;C:\Users\Vojtech\.m2\repository\org\apache\camel\springboot\camel-spring-boot\3.18.1\camel-spring-boot-3.18.1.jar;C:\Users\Vojtech\.m2\repository\org\apache\camel\camel-spring\3.18.1\camel-spring-3.18.1.jar;C:\Users\Vojtech\.m2\repository\org\springframework\spring-tx\5.3.23\spring-tx-5.3.23.jar;C:\Users\Vojtech\.m2\repository\org\apache\camel\camel-spring-main\3.18.1\camel-spring-main-3.18.1.jar;C:\Users\Vojtech\.m2\repository\org\apache\camel\camel-main\3.18.1\camel-main-3.18.1.jar;C:\Users\Vojtech\.m2\repository\org\apache\camel\camel-core-languages\3.18.1\camel-core-languages-3.18.1.jar;C:\Users\Vojtech\.m2\repository\org\apache\camel\camel-util-json\3.18.1\camel-util-json-3.18.1.jar;C:\Users\Vojtech\.m2\repository\org\apache\camel\camel-xml-jaxb-dsl\3.18.1\camel-xml-jaxb-dsl-3.18.1.jar;C:\Users\Vojtech\.m2\repository\org\apache\camel\camel-xml-jaxb\3.18.1\camel-xml-jaxb-3.18.1.jar;C:\Users\Vojtech\.m2\repository\com\sun\xml\bind\jaxb-core\2.3.0\jaxb-core-2.3.0.jar;C:\Users\Vojtech\.m2\repository\com\sun\xml\bind\jaxb-impl\2.3.3\jaxb-impl-2.3.3.jar;C:\Users\Vojtech\.m2\repository\com\sun\activation\jakarta.activation\1.2.2\jakarta.activation-1.2.2.jar;C:\Users\Vojtech\.m2\repository\org\apache\camel\camel-dsl-support\3.18.1\camel-dsl-support-3.18.1.jar;C:\Users\Vojtech\.m2\repository\org\apache\camel\camel-spring-xml\3.18.1\camel-spring-xml-3.18.1.jar;C:\Users\Vojtech\.m2\repository\org\apache\camel\camel-core-xml\3.18.1\camel-core-xml-3.18.1.jar;C:\Users\Vojtech\.m2\repository\javax\annotation\javax.annotation-api\1.3.2\javax.annotation-api-1.3.2.jar;C:\Users\Vojtech\.m2\repository\org\apache\camel\camel-cloud\3.18.1\camel-cloud-3.18.1.jar;C:\Users\Vojtech\.m2\repository\org\apache\camel\camel-core-model\3.18.1\camel-core-model-3.18.1.jar;C:\Users\Vojtech\.m2\repository\org\apache\camel\camel-cluster\3.18.1\camel-cluster-3.18.1.jar;C:\Users\Vojtech\.m2\repository\org\apache\camel\camel-health\3.18.1\camel-health-3.18.1.jar;C:\Users\Vojtech\.m2\repository\org\apache\camel\springboot\camel-core-starter\3.18.1\camel-core-starter-3.18.1.jar;C:\Users\Vojtech\.m2\repository\org\apache\camel\springboot\camel-bean-starter\3.18.1\camel-bean-starter-3.18.1.jar;C:\Users\Vojtech\.m2\repository\org\apache\camel\camel-bean\3.18.1\camel-bean-3.18.1.jar;C:\Users\Vojtech\.m2\repository\org\apache\camel\springboot\camel-browse-starter\3.18.1\camel-browse-starter-3.18.1.jar;C:\Users\Vojtech\.m2\repository\org\apache\camel\camel-browse\3.18.1\camel-browse-3.18.1.jar;C:\Users\Vojtech\.m2\repository\org\apache\camel\springboot\camel-controlbus-starter\3.18.1\camel-controlbus-starter-3.18.1.jar;C:\Users\Vojtech\.m2\repository\org\apache\camel\camel-controlbus\3.18.1\camel-controlbus-3.18.1.jar;C:\Users\Vojtech\.m2\repository\org\apache\camel\springboot\camel-dataformat-starter\3.18.1\camel-dataformat-starter-3.18.1.jar;C:\Users\Vojtech\.m2\repository\org\apache\camel\camel-dataformat\3.18.1\camel-dataformat-3.18.1.jar;C:\Users\Vojtech\.m2\repository\org\apache\camel\springboot\camel-dataset-starter\3.18.1\camel-dataset-starter-3.18.1.jar;C:\Users\Vojtech\.m2\repository\org\apache\camel\camel-dataset\3.18.1\camel-dataset-3.18.1.jar;C:\Users\Vojtech\.m2\repository\org\apache\camel\springboot\camel-direct-starter\3.18.1\camel-direct-starter-3.18.1.jar;C:\Users\Vojtech\.m2\repository\org\apache\camel\camel-direct\3.18.1\camel-direct-3.18.1.jar;C:\Users\Vojtech\.m2\repository\org\apache\camel\springboot\camel-directvm-starter\3.18.1\camel-directvm-starter-3.18.1.jar;C:\Users\Vojtech\.m2\repository\org\apache\camel\camel-directvm\3.18.1\camel-directvm-3.18.1.jar;C:\Users\Vojtech\.m2\repository\org\apache\camel\springboot\camel-file-starter\3.18.1\camel-file-starter-3.18.1.jar;C:\Users\Vojtech\.m2\repository\org\apache\camel\camel-file\3.18.1\camel-file-3.18.1.jar;C:\Users\Vojtech\.m2\repository\org\apache\camel\springboot\camel-language-starter\3.18.1\camel-language-starter-3.18.1.jar;C:\Users\Vojtech\.m2\repository\org\apache\camel\camel-language\3.18.1\camel-language-3.18.1.jar;C:\Users\Vojtech\.m2\repository\org\apache\camel\springboot\camel-log-starter\3.18.1\camel-log-starter-3.18.1.jar;C:\Users\Vojtech\.m2\repository\org\apache\camel\camel-log\3.18.1\camel-log-3.18.1.jar;C:\Users\Vojtech\.m2\repository\org\apache\camel\springboot\camel-mock-starter\3.18.1\camel-mock-starter-3.18.1.jar;C:\Users\Vojtech\.m2\repository\org\apache\camel\camel-mock\3.18.1\camel-mock-3.18.1.jar;C:\Users\Vojtech\.m2\repository\org\apache\camel\springboot\camel-ref-starter\3.18.1\camel-ref-starter-3.18.1.jar;C:\Users\Vojtech\.m2\repository\org\apache\camel\camel-ref\3.18.1\camel-ref-3.18.1.jar;C:\Users\Vojtech\.m2\repository\org\apache\camel\springboot\camel-saga-starter\3.18.1\camel-saga-starter-3.18.1.jar;C:\Users\Vojtech\.m2\repository\org\apache\camel\camel-saga\3.18.1\camel-saga-3.18.1.jar;C:\Users\Vojtech\.m2\repository\org\apache\camel\springboot\camel-scheduler-starter\3.18.1\camel-scheduler-starter-3.18.1.jar;C:\Users\Vojtech\.m2\repository\org\apache\camel\camel-scheduler\3.18.1\camel-scheduler-3.18.1.jar;C:\Users\Vojtech\.m2\repository\org\apache\camel\springboot\camel-seda-starter\3.18.1\camel-seda-starter-3.18.1.jar;C:\Users\Vojtech\.m2\repository\org\apache\camel\camel-seda\3.18.1\camel-seda-3.18.1.jar;C:\Users\Vojtech\.m2\repository\org\apache\camel\springboot\camel-stub-starter\3.18.1\camel-stub-starter-3.18.1.jar;C:\Users\Vojtech\.m2\repository\org\apache\camel\camel-stub\3.18.1\camel-stub-3.18.1.jar;C:\Users\Vojtech\.m2\repository\org\apache\camel\springboot\camel-timer-starter\3.18.1\camel-timer-starter-3.18.1.jar;C:\Users\Vojtech\.m2\repository\org\apache\camel\camel-timer\3.18.1\camel-timer-3.18.1.jar;C:\Users\Vojtech\.m2\repository\org\apache\camel\springboot\camel-validator-starter\3.18.1\camel-validator-starter-3.18.1.jar;C:\Users\Vojtech\.m2\repository\org\apache\camel\camel-validator\3.18.1\camel-validator-3.18.1.jar;C:\Users\Vojtech\.m2\repository\org\apache\camel\springboot\camel-vm-starter\3.18.1\camel-vm-starter-3.18.1.jar;C:\Users\Vojtech\.m2\repository\org\apache\camel\camel-vm\3.18.1\camel-vm-3.18.1.jar;C:\Users\Vojtech\.m2\repository\org\apache\camel\springboot\camel-xpath-starter\3.18.1\camel-xpath-starter-3.18.1.jar;C:\Users\Vojtech\.m2\repository\org\apache\camel\camel-xpath\3.18.1\camel-xpath-3.18.1.jar;C:\Users\Vojtech\.m2\repository\org\apache\camel\springboot\camel-xslt-starter\3.18.1\camel-xslt-starter-3.18.1.jar;C:\Users\Vojtech\.m2\repository\org\apache\camel\camel-xslt\3.18.1\camel-xslt-3.18.1.jar;C:\Users\Vojtech\.m2\repository\org\apache\camel\springboot\camel-xml-jaxp-starter\3.18.1\camel-xml-jaxp-starter-3.18.1.jar;C:\Users\Vojtech\.m2\repository\org\apache\camel\camel-xml-jaxp\3.18.1\camel-xml-jaxp-3.18.1.jar;C:\Users\Vojtech\.m2\repository\org\apache\camel\camel-xml-io-util\3.18.1\camel-xml-io-util-3.18.1.jar;C:\Users\Vojtech\.m2\repository\org\apache\camel\camel-servlet\3.18.1\camel-servlet-3.18.1.jar;C:\Users\Vojtech\.m2\repository\org\apache\camel\camel-support\3.18.1\camel-support-3.18.1.jar;C:\Users\Vojtech\.m2\repository\org\apache\camel\camel-api\3.18.1\camel-api-3.18.1.jar;C:\Users\Vojtech\.m2\repository\org\apache\camel\camel-management-api\3.18.1\camel-management-api-3.18.1.jar;C:\Users\Vojtech\.m2\repository\org\apache\camel\camel-util\3.18.1\camel-util-3.18.1.jar;C:\Users\Vojtech\.m2\repository\org\slf4j\slf4j-api\1.7.36\slf4j-api-1.7.36.jar;C:\Users\Vojtech\.m2\repository\org\apache\camel\camel-http-common\3.18.1\camel-http-common-3.18.1.jar;C:\Users\Vojtech\.m2\repository\org\apache\camel\camel-http-base\3.18.1\camel-http-base-3.18.1.jar;C:\Users\Vojtech\.m2\repository\org\apache\camel\camel-attachments\3.18.1\camel-attachments-3.18.1.jar;C:\Users\Vojtech\.m2\repository\com\sun\activation\javax.activation\1.2.0\javax.activation-1.2.0.jar;C:\Users\Vojtech\.m2\repository\org\apache\camel\springboot\camel-servlet-starter\3.18.1\camel-servlet-starter-3.18.1.jar;C:\Users\Vojtech\.m2\repository\org\apache\camel\springboot\camel-rest-starter\3.18.1\camel-rest-starter-3.18.1.jar;C:\Users\Vojtech\.m2\repository\org\apache\camel\camel-rest\3.18.1\camel-rest-3.18.1.jar;C:\Users\Vojtech\.m2\repository\org\apache\camel\camel-tooling-model\3.18.1\camel-tooling-model-3.18.1.jar;C:\Users\Vojtech\.m2\repository\org\apache\camel\camel-jackson\3.18.1\camel-jackson-3.18.1.jar;C:\Users\Vojtech\.m2\repository\org\apache\camel\camel-core-engine\3.18.1\camel-core-engine-3.18.1.jar;C:\Users\Vojtech\.m2\repository\org\apache\camel\camel-base-engine\3.18.1\camel-base-engine-3.18.1.jar;C:\Users\Vojtech\.m2\repository\org\apache\camel\camel-base\3.18.1\camel-base-3.18.1.jar;C:\Users\Vojtech\.m2\repository\org\apache\camel\camel-core-reifier\3.18.1\camel-core-reifier-3.18.1.jar;C:\Users\Vojtech\.m2\repository\org\apache\camel\camel-core-processor\3.18.1\camel-core-processor-3.18.1.jar;C:\Users\Vojtech\.m2\repository\com\fasterxml\jackson\core\jackson-databind\2.13.4\jackson-databind-2.13.4.jar;C:\Users\Vojtech\.m2\repository\com\fasterxml\jackson\core\jackson-annotations\2.13.4\jackson-annotations-2.13.4.jar;C:\Users\Vojtech\.m2\repository\com\fasterxml\jackson\core\jackson-core\2.13.4\jackson-core-2.13.4.jar;C:\Users\Vojtech\.m2\repository\org\apache\camel\springboot\camel-jackson-starter\3.18.1\camel-jackson-starter-3.18.1.jar;C:\Users\Vojtech\.m2\repository\org\springframework\boot\spring-boot-devtools\2.7.4\spring-boot-devtools-2.7.4.jar;C:\Users\Vojtech\.m2\repository\org\springframework\boot\spring-boot\2.7.4\spring-boot-2.7.4.jar;C:\Users\Vojtech\.m2\repository\org\springframework\boot\spring-boot-autoconfigure\2.7.4\spring-boot-autoconfigure-2.7.4.jar;C:\Users\Vojtech\.m2\repository\org\springframework\boot\spring-boot-starter-test\2.7.4\spring-boot-starter-test-2.7.4.jar;C:\Users\Vojtech\.m2\repository\org\springframework\boot\spring-boot-test\2.7.4\spring-boot-test-2.7.4.jar;C:\Users\Vojtech\.m2\repository\org\springframework\boot\spring-boot-test-autoconfigure\2.7.4\spring-boot-test-autoconfigure-2.7.4.jar;C:\Users\Vojtech\.m2\repository\com\jayway\jsonpath\json-path\2.7.0\json-path-2.7.0.jar;C:\Users\Vojtech\.m2\repository\net\minidev\json-smart\2.4.8\json-smart-2.4.8.jar;C:\Users\Vojtech\.m2\repository\net\minidev\accessors-smart\2.4.8\accessors-smart-2.4.8.jar;C:\Users\Vojtech\.m2\repository\org\ow2\asm\asm\9.1\asm-9.1.jar;C:\Users\Vojtech\.m2\repository\jakarta\xml\bind\jakarta.xml.bind-api\2.3.3\jakarta.xml.bind-api-2.3.3.jar;C:\Users\Vojtech\.m2\repository\jakarta\activation\jakarta.activation-api\1.2.2\jakarta.activation-api-1.2.2.jar;C:\Users\Vojtech\.m2\repository\org\assertj\assertj-core\3.22.0\assertj-core-3.22.0.jar;C:\Users\Vojtech\.m2\repository\org\hamcrest\hamcrest\2.2\hamcrest-2.2.jar;C:\Users\Vojtech\.m2\repository\org\junit\jupiter\junit-jupiter\5.8.2\junit-jupiter-5.8.2.jar;C:\Users\Vojtech\.m2\repository\org\junit\jupiter\junit-jupiter-api\5.8.2\junit-jupiter-api-5.8.2.jar;C:\Users\Vojtech\.m2\repository\org\opentest4j\opentest4j\1.2.0\opentest4j-1.2.0.jar;C:\Users\Vojtech\.m2\repository\org\junit\platform\junit-platform-commons\1.8.2\junit-platform-commons-1.8.2.jar;C:\Users\Vojtech\.m2\repository\org\apiguardian\apiguardian-api\1.1.2\apiguardian-api-1.1.2.jar;C:\Users\Vojtech\.m2\repository\org\junit\jupiter\junit-jupiter-params\5.8.2\junit-jupiter-params-5.8.2.jar;C:\Users\Vojtech\.m2\repository\org\junit\jupiter\junit-jupiter-engine\5.8.2\junit-jupiter-engine-5.8.2.jar;C:\Users\Vojtech\.m2\repository\org\junit\platform\junit-platform-engine\1.8.2\junit-platform-engine-1.8.2.jar;C:\Users\Vojtech\.m2\repository\org\mockito\mockito-core\4.5.1\mockito-core-4.5.1.jar;C:\Users\Vojtech\.m2\repository\net\bytebuddy\byte-buddy\1.12.17\byte-buddy-1.12.17.jar;C:\Users\Vojtech\.m2\repository\net\bytebuddy\byte-buddy-agent\1.12.17\byte-buddy-agent-1.12.17.jar;C:\Users\Vojtech\.m2\repository\org\objenesis\objenesis\3.2\objenesis-3.2.jar;C:\Users\Vojtech\.m2\repository\org\mockito\mockito-junit-jupiter\4.5.1\mockito-junit-jupiter-4.5.1.jar;C:\Users\Vojtech\.m2\repository\org\skyscreamer\jsonassert\1.5.1\jsonassert-1.5.1.jar;C:\Users\Vojtech\.m2\repository\com\vaadin\external\google\android-json\0.0.20131108.vaadin1\android-json-0.0.20131108.vaadin1.jar;C:\Users\Vojtech\.m2\repository\org\springframework\spring-core\5.3.23\spring-core-5.3.23.jar;C:\Users\Vojtech\.m2\repository\org\springframework\spring-jcl\5.3.23\spring-jcl-5.3.23.jar;C:\Users\Vojtech\.m2\repository\org\springframework\spring-test\5.3.23\spring-test-5.3.23.jar;C:\Users\Vojtech\.m2\repository\org\xmlunit\xmlunit-core\2.9.0\xmlunit-core-2.9.0.jar;"/>
    <property name="java.vm.vendor" value="Oracle Corporation"/>
    <property name="sun.arch.data.model" value="64"/>
    <property name="user.variant" value=""/>
    <property name="java.vendor.url" value="https://java.oracle.com/"/>
    <property name="user.timezone" value="America/Edmonton"/>
    <property name="os.name" value="Windows 10"/>
    <property name="java.vm.specification.version" value="19"/>
    <property name="sun.java.launcher" value="SUN_STANDARD"/>
    <property name="user.country" value="CA"/>
    <property name="sun.boot.library.path" value="C:\Program Files\Java\jdk-19\bin"/>
    <property name="sun.java.command" value="C:\Users\Vojtech\AppData\Local\Temp\surefire11949234193024310979\surefirebooter5761249160445025717.jar C:\Users\Vojtech\AppData\Local\Temp\surefire11949234193024310979 2022-09-26T01-49-22_411-jvmRun1 surefire273573817343755083tmp surefire_06792477664854375903tmp"/>
    <property name="jdk.debug" value="release"/>
    <property name="surefire.test.class.path" value="C:\Users\Vojtech\Desktop\cra\target\test-classes;C:\Users\Vojtech\Desktop\cra\target\classes;C:\Users\Vojtech\.m2\repository\org\springframework\boot\spring-boot-starter-web\2.7.4\spring-boot-starter-web-2.7.4.jar;C:\Users\Vojtech\.m2\repository\org\springframework\boot\spring-boot-starter\2.7.4\spring-boot-starter-2.7.4.jar;C:\Users\Vojtech\.m2\repository\org\springframework\boot\spring-boot-starter-logging\2.7.4\spring-boot-starter-logging-2.7.4.jar;C:\Users\Vojtech\.m2\repository\ch\qos\logback\logback-classic\1.2.11\logback-classic-1.2.11.jar;C:\Users\Vojtech\.m2\repository\ch\qos\logback\logback-core\1.2.11\logback-core-1.2.11.jar;C:\Users\Vojtech\.m2\repository\org\apache\logging\log4j\log4j-to-slf4j\2.17.2\log4j-to-slf4j-2.17.2.jar;C:\Users\Vojtech\.m2\repository\org\apache\logging\log4j\log4j-api\2.17.2\log4j-api-2.17.2.jar;C:\Users\Vojtech\.m2\repository\org\slf4j\jul-to-slf4j\1.7.36\jul-to-slf4j-1.7.36.jar;C:\Users\Vojtech\.m2\repository\jakarta\annotation\jakarta.annotation-api\1.3.5\jakarta.annotation-api-1.3.5.jar;C:\Users\Vojtech\.m2\repository\org\yaml\snakeyaml\1.30\snakeyaml-1.30.jar;C:\Users\Vojtech\.m2\repository\org\springframework\boot\spring-boot-starter-json\2.7.4\spring-boot-starter-json-2.7.4.jar;C:\Users\Vojtech\.m2\repository\com\fasterxml\jackson\datatype\jackson-datatype-jdk8\2.13.4\jackson-datatype-jdk8-2.13.4.jar;C:\Users\Vojtech\.m2\repository\com\fasterxml\jackson\datatype\jackson-datatype-jsr310\2.13.4\jackson-datatype-jsr310-2.13.4.jar;C:\Users\Vojtech\.m2\repository\com\fasterxml\jackson\module\jackson-module-parameter-names\2.13.4\jackson-module-parameter-names-2.13.4.jar;C:\Users\Vojtech\.m2\repository\org\springframework\boot\spring-boot-starter-tomcat\2.7.4\spring-boot-starter-tomcat-2.7.4.jar;C:\Users\Vojtech\.m2\repository\org\apache\tomcat\embed\tomcat-embed-core\9.0.65\tomcat-embed-core-9.0.65.jar;C:\Users\Vojtech\.m2\repository\org\apache\tomcat\embed\tomcat-embed-el\9.0.65\tomcat-embed-el-9.0.65.jar;C:\Users\Vojtech\.m2\repository\org\apache\tomcat\embed\tomcat-embed-websocket\9.0.65\tomcat-embed-websocket-9.0.65.jar;C:\Users\Vojtech\.m2\repository\org\springframework\spring-web\5.3.23\spring-web-5.3.23.jar;C:\Users\Vojtech\.m2\repository\org\springframework\spring-beans\5.3.23\spring-beans-5.3.23.jar;C:\Users\Vojtech\.m2\repository\org\springframework\spring-webmvc\5.3.23\spring-webmvc-5.3.23.jar;C:\Users\Vojtech\.m2\repository\org\springframework\spring-aop\5.3.23\spring-aop-5.3.23.jar;C:\Users\Vojtech\.m2\repository\org\springframework\spring-context\5.3.23\spring-context-5.3.23.jar;C:\Users\Vojtech\.m2\repository\org\springframework\spring-expression\5.3.23\spring-expression-5.3.23.jar;C:\Users\Vojtech\.m2\repository\org\apache\camel\springboot\camel-spring-boot-starter\3.18.1\camel-spring-boot-starter-3.18.1.jar;C:\Users\Vojtech\.m2\repository\org\apache\camel\springboot\camel-spring-boot\3.18.1\camel-spring-boot-3.18.1.jar;C:\Users\Vojtech\.m2\repository\org\apache\camel\camel-spring\3.18.1\camel-spring-3.18.1.jar;C:\Users\Vojtech\.m2\repository\org\springframework\spring-tx\5.3.23\spring-tx-5.3.23.jar;C:\Users\Vojtech\.m2\repository\org\apache\camel\camel-spring-main\3.18.1\camel-spring-main-3.18.1.jar;C:\Users\Vojtech\.m2\repository\org\apache\camel\camel-main\3.18.1\camel-main-3.18.1.jar;C:\Users\Vojtech\.m2\repository\org\apache\camel\camel-core-languages\3.18.1\camel-core-languages-3.18.1.jar;C:\Users\Vojtech\.m2\repository\org\apache\camel\camel-util-json\3.18.1\camel-util-json-3.18.1.jar;C:\Users\Vojtech\.m2\repository\org\apache\camel\camel-xml-jaxb-dsl\3.18.1\camel-xml-jaxb-dsl-3.18.1.jar;C:\Users\Vojtech\.m2\repository\org\apache\camel\camel-xml-jaxb\3.18.1\camel-xml-jaxb-3.18.1.jar;C:\Users\Vojtech\.m2\repository\com\sun\xml\bind\jaxb-core\2.3.0\jaxb-core-2.3.0.jar;C:\Users\Vojtech\.m2\repository\com\sun\xml\bind\jaxb-impl\2.3.3\jaxb-impl-2.3.3.jar;C:\Users\Vojtech\.m2\repository\com\sun\activation\jakarta.activation\1.2.2\jakarta.activation-1.2.2.jar;C:\Users\Vojtech\.m2\repository\org\apache\camel\camel-dsl-support\3.18.1\camel-dsl-support-3.18.1.jar;C:\Users\Vojtech\.m2\repository\org\apache\camel\camel-spring-xml\3.18.1\camel-spring-xml-3.18.1.jar;C:\Users\Vojtech\.m2\repository\org\apache\camel\camel-core-xml\3.18.1\camel-core-xml-3.18.1.jar;C:\Users\Vojtech\.m2\repository\javax\annotation\javax.annotation-api\1.3.2\javax.annotation-api-1.3.2.jar;C:\Users\Vojtech\.m2\repository\org\apache\camel\camel-cloud\3.18.1\camel-cloud-3.18.1.jar;C:\Users\Vojtech\.m2\repository\org\apache\camel\camel-core-model\3.18.1\camel-core-model-3.18.1.jar;C:\Users\Vojtech\.m2\repository\org\apache\camel\camel-cluster\3.18.1\camel-cluster-3.18.1.jar;C:\Users\Vojtech\.m2\repository\org\apache\camel\camel-health\3.18.1\camel-health-3.18.1.jar;C:\Users\Vojtech\.m2\repository\org\apache\camel\springboot\camel-core-starter\3.18.1\camel-core-starter-3.18.1.jar;C:\Users\Vojtech\.m2\repository\org\apache\camel\springboot\camel-bean-starter\3.18.1\camel-bean-starter-3.18.1.jar;C:\Users\Vojtech\.m2\repository\org\apache\camel\camel-bean\3.18.1\camel-bean-3.18.1.jar;C:\Users\Vojtech\.m2\repository\org\apache\camel\springboot\camel-browse-starter\3.18.1\camel-browse-starter-3.18.1.jar;C:\Users\Vojtech\.m2\repository\org\apache\camel\camel-browse\3.18.1\camel-browse-3.18.1.jar;C:\Users\Vojtech\.m2\repository\org\apache\camel\springboot\camel-controlbus-starter\3.18.1\camel-controlbus-starter-3.18.1.jar;C:\Users\Vojtech\.m2\repository\org\apache\camel\camel-controlbus\3.18.1\camel-controlbus-3.18.1.jar;C:\Users\Vojtech\.m2\repository\org\apache\camel\springboot\camel-dataformat-starter\3.18.1\camel-dataformat-starter-3.18.1.jar;C:\Users\Vojtech\.m2\repository\org\apache\camel\camel-dataformat\3.18.1\camel-dataformat-3.18.1.jar;C:\Users\Vojtech\.m2\repository\org\apache\camel\springboot\camel-dataset-starter\3.18.1\camel-dataset-starter-3.18.1.jar;C:\Users\Vojtech\.m2\repository\org\apache\camel\camel-dataset\3.18.1\camel-dataset-3.18.1.jar;C:\Users\Vojtech\.m2\repository\org\apache\camel\springboot\camel-direct-starter\3.18.1\camel-direct-starter-3.18.1.jar;C:\Users\Vojtech\.m2\repository\org\apache\camel\camel-direct\3.18.1\camel-direct-3.18.1.jar;C:\Users\Vojtech\.m2\repository\org\apache\camel\springboot\camel-directvm-starter\3.18.1\camel-directvm-starter-3.18.1.jar;C:\Users\Vojtech\.m2\repository\org\apache\camel\camel-directvm\3.18.1\camel-directvm-3.18.1.jar;C:\Users\Vojtech\.m2\repository\org\apache\camel\springboot\camel-file-starter\3.18.1\camel-file-starter-3.18.1.jar;C:\Users\Vojtech\.m2\repository\org\apache\camel\camel-file\3.18.1\camel-file-3.18.1.jar;C:\Users\Vojtech\.m2\repository\org\apache\camel\springboot\camel-language-starter\3.18.1\camel-language-starter-3.18.1.jar;C:\Users\Vojtech\.m2\repository\org\apache\camel\camel-language\3.18.1\camel-language-3.18.1.jar;C:\Users\Vojtech\.m2\repository\org\apache\camel\springboot\camel-log-starter\3.18.1\camel-log-starter-3.18.1.jar;C:\Users\Vojtech\.m2\repository\org\apache\camel\camel-log\3.18.1\camel-log-3.18.1.jar;C:\Users\Vojtech\.m2\repository\org\apache\camel\springboot\camel-mock-starter\3.18.1\camel-mock-starter-3.18.1.jar;C:\Users\Vojtech\.m2\repository\org\apache\camel\camel-mock\3.18.1\camel-mock-3.18.1.jar;C:\Users\Vojtech\.m2\repository\org\apache\camel\springboot\camel-ref-starter\3.18.1\camel-ref-starter-3.18.1.jar;C:\Users\Vojtech\.m2\repository\org\apache\camel\camel-ref\3.18.1\camel-ref-3.18.1.jar;C:\Users\Vojtech\.m2\repository\org\apache\camel\springboot\camel-saga-starter\3.18.1\camel-saga-starter-3.18.1.jar;C:\Users\Vojtech\.m2\repository\org\apache\camel\camel-saga\3.18.1\camel-saga-3.18.1.jar;C:\Users\Vojtech\.m2\repository\org\apache\camel\springboot\camel-scheduler-starter\3.18.1\camel-scheduler-starter-3.18.1.jar;C:\Users\Vojtech\.m2\repository\org\apache\camel\camel-scheduler\3.18.1\camel-scheduler-3.18.1.jar;C:\Users\Vojtech\.m2\repository\org\apache\camel\springboot\camel-seda-starter\3.18.1\camel-seda-starter-3.18.1.jar;C:\Users\Vojtech\.m2\repository\org\apache\camel\camel-seda\3.18.1\camel-seda-3.18.1.jar;C:\Users\Vojtech\.m2\repository\org\apache\camel\springboot\camel-stub-starter\3.18.1\camel-stub-starter-3.18.1.jar;C:\Users\Vojtech\.m2\repository\org\apache\camel\camel-stub\3.18.1\camel-stub-3.18.1.jar;C:\Users\Vojtech\.m2\repository\org\apache\camel\springboot\camel-timer-starter\3.18.1\camel-timer-starter-3.18.1.jar;C:\Users\Vojtech\.m2\repository\org\apache\camel\camel-timer\3.18.1\camel-timer-3.18.1.jar;C:\Users\Vojtech\.m2\repository\org\apache\camel\springboot\camel-validator-starter\3.18.1\camel-validator-starter-3.18.1.jar;C:\Users\Vojtech\.m2\repository\org\apache\camel\camel-validator\3.18.1\camel-validator-3.18.1.jar;C:\Users\Vojtech\.m2\repository\org\apache\camel\springboot\camel-vm-starter\3.18.1\camel-vm-starter-3.18.1.jar;C:\Users\Vojtech\.m2\repository\org\apache\camel\camel-vm\3.18.1\camel-vm-3.18.1.jar;C:\Users\Vojtech\.m2\repository\org\apache\camel\springboot\camel-xpath-starter\3.18.1\camel-xpath-starter-3.18.1.jar;C:\Users\Vojtech\.m2\repository\org\apache\camel\camel-xpath\3.18.1\camel-xpath-3.18.1.jar;C:\Users\Vojtech\.m2\repository\org\apache\camel\springboot\camel-xslt-starter\3.18.1\camel-xslt-starter-3.18.1.jar;C:\Users\Vojtech\.m2\repository\org\apache\camel\camel-xslt\3.18.1\camel-xslt-3.18.1.jar;C:\Users\Vojtech\.m2\repository\org\apache\camel\springboot\camel-xml-jaxp-starter\3.18.1\camel-xml-jaxp-starter-3.18.1.jar;C:\Users\Vojtech\.m2\repository\org\apache\camel\camel-xml-jaxp\3.18.1\camel-xml-jaxp-3.18.1.jar;C:\Users\Vojtech\.m2\repository\org\apache\camel\camel-xml-io-util\3.18.1\camel-xml-io-util-3.18.1.jar;C:\Users\Vojtech\.m2\repository\org\apache\camel\camel-servlet\3.18.1\camel-servlet-3.18.1.jar;C:\Users\Vojtech\.m2\repository\org\apache\camel\camel-support\3.18.1\camel-support-3.18.1.jar;C:\Users\Vojtech\.m2\repository\org\apache\camel\camel-api\3.18.1\camel-api-3.18.1.jar;C:\Users\Vojtech\.m2\repository\org\apache\camel\camel-management-api\3.18.1\camel-management-api-3.18.1.jar;C:\Users\Vojtech\.m2\repository\org\apache\camel\camel-util\3.18.1\camel-util-3.18.1.jar;C:\Users\Vojtech\.m2\repository\org\slf4j\slf4j-api\1.7.36\slf4j-api-1.7.36.jar;C:\Users\Vojtech\.m2\repository\org\apache\camel\camel-http-common\3.18.1\camel-http-common-3.18.1.jar;C:\Users\Vojtech\.m2\repository\org\apache\camel\camel-http-base\3.18.1\camel-http-base-3.18.1.jar;C:\Users\Vojtech\.m2\repository\org\apache\camel\camel-attachments\3.18.1\camel-attachments-3.18.1.jar;C:\Users\Vojtech\.m2\repository\com\sun\activation\javax.activation\1.2.0\javax.activation-1.2.0.jar;C:\Users\Vojtech\.m2\repository\org\apache\camel\springboot\camel-servlet-starter\3.18.1\camel-servlet-starter-3.18.1.jar;C:\Users\Vojtech\.m2\repository\org\apache\camel\springboot\camel-rest-starter\3.18.1\camel-rest-starter-3.18.1.jar;C:\Users\Vojtech\.m2\repository\org\apache\camel\camel-rest\3.18.1\camel-rest-3.18.1.jar;C:\Users\Vojtech\.m2\repository\org\apache\camel\camel-tooling-model\3.18.1\camel-tooling-model-3.18.1.jar;C:\Users\Vojtech\.m2\repository\org\apache\camel\camel-jackson\3.18.1\camel-jackson-3.18.1.jar;C:\Users\Vojtech\.m2\repository\org\apache\camel\camel-core-engine\3.18.1\camel-core-engine-3.18.1.jar;C:\Users\Vojtech\.m2\repository\org\apache\camel\camel-base-engine\3.18.1\camel-base-engine-3.18.1.jar;C:\Users\Vojtech\.m2\repository\org\apache\camel\camel-base\3.18.1\camel-base-3.18.1.jar;C:\Users\Vojtech\.m2\repository\org\apache\camel\camel-core-reifier\3.18.1\camel-core-reifier-3.18.1.jar;C:\Users\Vojtech\.m2\repository\org\apache\camel\camel-core-processor\3.18.1\camel-core-processor-3.18.1.jar;C:\Users\Vojtech\.m2\repository\com\fasterxml\jackson\core\jackson-databind\2.13.4\jackson-databind-2.13.4.jar;C:\Users\Vojtech\.m2\repository\com\fasterxml\jackson\core\jackson-annotations\2.13.4\jackson-annotations-2.13.4.jar;C:\Users\Vojtech\.m2\repository\com\fasterxml\jackson\core\jackson-core\2.13.4\jackson-core-2.13.4.jar;C:\Users\Vojtech\.m2\repository\org\apache\camel\springboot\camel-jackson-starter\3.18.1\camel-jackson-starter-3.18.1.jar;C:\Users\Vojtech\.m2\repository\org\springframework\boot\spring-boot-devtools\2.7.4\spring-boot-devtools-2.7.4.jar;C:\Users\Vojtech\.m2\repository\org\springframework\boot\spring-boot\2.7.4\spring-boot-2.7.4.jar;C:\Users\Vojtech\.m2\repository\org\springframework\boot\spring-boot-autoconfigure\2.7.4\spring-boot-autoconfigure-2.7.4.jar;C:\Users\Vojtech\.m2\repository\org\springframework\boot\spring-boot-starter-test\2.7.4\spring-boot-starter-test-2.7.4.jar;C:\Users\Vojtech\.m2\repository\org\springframework\boot\spring-boot-test\2.7.4\spring-boot-test-2.7.4.jar;C:\Users\Vojtech\.m2\repository\org\springframework\boot\spring-boot-test-autoconfigure\2.7.4\spring-boot-test-autoconfigure-2.7.4.jar;C:\Users\Vojtech\.m2\repository\com\jayway\jsonpath\json-path\2.7.0\json-path-2.7.0.jar;C:\Users\Vojtech\.m2\repository\net\minidev\json-smart\2.4.8\json-smart-2.4.8.jar;C:\Users\Vojtech\.m2\repository\net\minidev\accessors-smart\2.4.8\accessors-smart-2.4.8.jar;C:\Users\Vojtech\.m2\repository\org\ow2\asm\asm\9.1\asm-9.1.jar;C:\Users\Vojtech\.m2\repository\jakarta\xml\bind\jakarta.xml.bind-api\2.3.3\jakarta.xml.bind-api-2.3.3.jar;C:\Users\Vojtech\.m2\repository\jakarta\activation\jakarta.activation-api\1.2.2\jakarta.activation-api-1.2.2.jar;C:\Users\Vojtech\.m2\repository\org\assertj\assertj-core\3.22.0\assertj-core-3.22.0.jar;C:\Users\Vojtech\.m2\repository\org\hamcrest\hamcrest\2.2\hamcrest-2.2.jar;C:\Users\Vojtech\.m2\repository\org\junit\jupiter\junit-jupiter\5.8.2\junit-jupiter-5.8.2.jar;C:\Users\Vojtech\.m2\repository\org\junit\jupiter\junit-jupiter-api\5.8.2\junit-jupiter-api-5.8.2.jar;C:\Users\Vojtech\.m2\repository\org\opentest4j\opentest4j\1.2.0\opentest4j-1.2.0.jar;C:\Users\Vojtech\.m2\repository\org\junit\platform\junit-platform-commons\1.8.2\junit-platform-commons-1.8.2.jar;C:\Users\Vojtech\.m2\repository\org\apiguardian\apiguardian-api\1.1.2\apiguardian-api-1.1.2.jar;C:\Users\Vojtech\.m2\repository\org\junit\jupiter\junit-jupiter-params\5.8.2\junit-jupiter-params-5.8.2.jar;C:\Users\Vojtech\.m2\repository\org\junit\jupiter\junit-jupiter-engine\5.8.2\junit-jupiter-engine-5.8.2.jar;C:\Users\Vojtech\.m2\repository\org\junit\platform\junit-platform-engine\1.8.2\junit-platform-engine-1.8.2.jar;C:\Users\Vojtech\.m2\repository\org\mockito\mockito-core\4.5.1\mockito-core-4.5.1.jar;C:\Users\Vojtech\.m2\repository\net\bytebuddy\byte-buddy\1.12.17\byte-buddy-1.12.17.jar;C:\Users\Vojtech\.m2\repository\net\bytebuddy\byte-buddy-agent\1.12.17\byte-buddy-agent-1.12.17.jar;C:\Users\Vojtech\.m2\repository\org\objenesis\objenesis\3.2\objenesis-3.2.jar;C:\Users\Vojtech\.m2\repository\org\mockito\mockito-junit-jupiter\4.5.1\mockito-junit-jupiter-4.5.1.jar;C:\Users\Vojtech\.m2\repository\org\skyscreamer\jsonassert\1.5.1\jsonassert-1.5.1.jar;C:\Users\Vojtech\.m2\repository\com\vaadin\external\google\android-json\0.0.20131108.vaadin1\android-json-0.0.20131108.vaadin1.jar;C:\Users\Vojtech\.m2\repository\org\springframework\spring-core\5.3.23\spring-core-5.3.23.jar;C:\Users\Vojtech\.m2\repository\org\springframework\spring-jcl\5.3.23\spring-jcl-5.3.23.jar;C:\Users\Vojtech\.m2\repository\org\springframework\spring-test\5.3.23\spring-test-5.3.23.jar;C:\Users\Vojtech\.m2\repository\org\xmlunit\xmlunit-core\2.9.0\xmlunit-core-2.9.0.jar;"/>
    <property name="sun.cpu.endian" value="little"/>
    <property name="user.home" value="C:\Users\Vojtech"/>
    <property name="user.language" value="en"/>
    <property name="java.specification.vendor" value="Oracle Corporation"/>
    <property name="java.version.date" value="2022-09-20"/>
    <property name="java.home" value="C:\Program Files\Java\jdk-19"/>
    <property name="file.separator" value="\"/>
    <property name="basedir" value="C:\Users\Vojtech\Desktop\cra"/>
    <property name="java.vm.compressedOopsMode" value="Zero based"/>
    <property name="line.separator" value="&#10;"/>
    <property name="java.vm.specification.vendor" value="Oracle Corporation"/>
    <property name="java.specification.name" value="Java Platform API Specification"/>
    <property name="surefire.real.class.path" value="C:\Users\Vojtech\AppData\Local\Temp\surefire11949234193024310979\surefirebooter5761249160445025717.jar"/>
    <property name="user.script" value=""/>
    <property name="sun.management.compiler" value="HotSpot 64-Bit Tiered Compilers"/>
    <property name="java.runtime.version" value="19+36-2238"/>
    <property name="user.name" value="Vojtech"/>
    <property name="stdout.encoding" value="Cp1252"/>
    <property name="path.separator" value=";"/>
    <property name="os.version" value="10.0"/>
    <property name="java.runtime.name" value="Java(TM) SE Runtime Environment"/>
    <property name="file.encoding" value="UTF-8"/>
    <property name="java.vm.name" value="Java HotSpot(TM) 64-Bit Server VM"/>
    <property name="localRepository" value="C:\Users\Vojtech\.m2\repository"/>
    <property name="java.vendor.url.bug" value="https://bugreport.java.com/bugreport/"/>
    <property name="java.io.tmpdir" value="C:\Users\Vojtech\AppData\Local\Temp\"/>
    <property name="java.version" value="19"/>
    <property name="user.dir" value="C:\Users\Vojtech\Desktop\cra"/>
    <property name="os.arch" value="amd64"/>
    <property name="java.vm.specification.name" value="Java Virtual Machine Specification"/>
    <property name="sun.os.patch.level" value=""/>
    <property name="native.encoding" value="Cp1252"/>
    <property name="java.library.path" value="C:\Program Files\Java\jdk-19\bin;C:\Windows\Sun\Java\bin;C:\Windows\system32;C:\Windows;C:\Program Files\Common Files\Oracle\Java\javapath;C:\Program Files (x86)\Common Files\Oracle\Java\javapath;C:\Program Files\Oculus\Support\oculus-runtime;C:\Windows\system32;C:\Windows;C:\Windows\System32\Wbem;C:\Windows\System32\WindowsPowerShell\v1.0\;C:\Windows\System32\OpenSSH\;C:\Program Files (x86)\NVIDIA Corporation\PhysX\Common;C:\Program Files\NVIDIA Corporation\NVIDIA NvDLISR;C:\Program Files\dotnet\;C:\Program Files\Git\cmd;C:\Program Files (x86)\AOMEI\AOMEI Backupper\6.6.1;C:\Program Files\Maven\apache-maven-3.8.6\bin;C:\Program Files\Docker\Docker\resources\bin;C:\ProgramData\DockerDesktop\version-bin;C:\Program Files\Maven\apache-maven-3.8.6\bin;C:\Users\Vojtech\AppData\Local\Microsoft\WindowsApps;C:\Users\Vojtech\AppData\Local\Programs\Microsoft VS Code\bin;C:\Users\Vojtech\AppData\Local\GitHubDesktop\bin;."/>
    <property name="java.vm.info" value="mixed mode, sharing"/>
    <property name="stderr.encoding" value="Cp1252"/>
    <property name="java.vendor" value="Oracle Corporation"/>
    <property name="java.vm.version" value="19+36-2238"/>
    <property name="sun.io.unicode.encoding" value="UnicodeLittle"/>
    <property name="java.class.version" value="63.0"/>
  </properties>
  <testcase name="contextLoads" classname="com.vojtech.cra.CraApplicationTests" time="0.4"/>
</testsuite>